[21/07/2010 22:48:36] (Notice - virtual void ProtocolGame::parsePacket(NetworkMessage&)) PLAYER: Milphia Erk sent unknown byte: 0x22f1d4

[22/07/2010 02:18:29] (Notice - virtual void ProtocolGame::parsePacket(NetworkMessage&)) PLAYER: Mega Sorcerer sent unknown byte: 0x22f1d4

[22/07/2010 10:54:12] (Notice - virtual void ProtocolGame::parsePacket(NetworkMessage&)) PLAYER: Ojani sent unknown byte: 0x22f1d4

[22/07/2010 21:27:13] (Notice - virtual void ProtocolGame::parsePacket(NetworkMessage&)) PLAYER: Lady Power sent unknown byte: 0x22f1d4

[23/07/2010 11:28:31] (Notice - virtual void ProtocolGame::parsePacket(NetworkMessage&)) PLAYER: Er noiisxz sent unknown byte: 0x22f1d4

[23/07/2010 11:28:45] (Notice - virtual void ProtocolGame::parsePacket(NetworkMessage&)) PLAYER: Er noiisxz sent unknown byte: 0x22f1d4

[23/07/2010 11:30:34] (Notice - virtual void ProtocolGame::parsePacket(NetworkMessage&)) PLAYER: Er noiisxz sent unknown byte: 0x22f1d4

[23/07/2010 11:32:05] (Notice - virtual void ProtocolGame::parsePacket(NetworkMessage&)) PLAYER: Er noiisxz sent unknown byte: 0x22f1d4

[23/07/2010 11:32:05] (Notice - virtual void ProtocolGame::parsePacket(NetworkMessage&)) PLAYER: Er noiisxz sent unknown byte: 0x22f1d4

[23/07/2010 11:37:29] (Notice - virtual void ProtocolGame::parsePacket(NetworkMessage&)) PLAYER: Er noiisxz sent unknown byte: 0x22f1d4

[23/07/2010 11:37:29] (Notice - virtual void ProtocolGame::parsePacket(NetworkMessage&)) PLAYER: Er noiisxz sent unknown byte: 0x22f1d4

[23/07/2010 16:26:11] (Notice - virtual void ProtocolGame::parsePacket(NetworkMessage&)) PLAYER: Jack Storm sent unknown byte: 0x22f1d4

[24/07/2010 05:01:21] (Notice - virtual void ProtocolGame::parsePacket(NetworkMessage&)) PLAYER: Andres pupe sent unknown byte: 0x22f1d4

[24/07/2010 05:04:16] (Notice - virtual void ProtocolGame::parsePacket(NetworkMessage&)) PLAYER: Andres pupe sent unknown byte: 0x22f1d4

[24/07/2010 20:05:52] (Notice - virtual void ProtocolGame::parsePacket(NetworkMessage&)) PLAYER: Andres pupe sent unknown byte: 0x22f1d4

[24/07/2010 22:36:51] (Notice - virtual void ProtocolGame::parsePacket(NetworkMessage&)) PLAYER: Shadow Death sent unknown byte: 0x22f1d4

[25/07/2010 11:17:53] (Notice - virtual void ProtocolGame::parsePacket(NetworkMessage&)) PLAYER: Berns sent unknown byte: 0x22f1d4

[25/07/2010 11:25:29] (Notice - virtual void ProtocolGame::parsePacket(NetworkMessage&)) PLAYER: Berns sent unknown byte: 0x22f1d4

[25/07/2010 11:25:29] (Notice - virtual void ProtocolGame::parsePacket(NetworkMessage&)) PLAYER: Berns sent unknown byte: 0x22f1d4

[25/07/2010 11:26:33] (Notice - virtual void ProtocolGame::parsePacket(NetworkMessage&)) PLAYER: Berns sent unknown byte: 0x22f1d4

[25/07/2010 14:25:33] (Notice - virtual void ProtocolGame::parsePacket(NetworkMessage&)) PLAYER: Berns sent unknown byte: 0x22f1d4

[25/07/2010 15:18:18] (Notice - virtual void ProtocolGame::parsePacket(NetworkMessage&)) PLAYER: Jappax sent unknown byte: 0x22f1d4

[25/07/2010 20:21:21] (Notice - virtual void ProtocolGame::parsePacket(NetworkMessage&)) PLAYER: Jappax sent unknown byte: 0x22f1d4

[26/07/2010 02:41:16] (Notice - virtual void ProtocolGame::parsePacket(NetworkMessage&)) PLAYER: Password sent unknown byte: 0x22f1d4

[26/07/2010 09:23:51] (Notice - virtual void ProtocolGame::parsePacket(NetworkMessage&)) PLAYER: Jappax sent unknown byte: 0x22f1d4

[26/07/2010 09:23:51] (Notice - virtual void ProtocolGame::parsePacket(NetworkMessage&)) PLAYER: Jappax sent unknown byte: 0x22f1d4

[26/07/2010 09:23:51] (Notice - virtual void ProtocolGame::parsePacket(NetworkMessage&)) PLAYER: Jappax sent unknown byte: 0x22f1d4

[26/07/2010 09:50:30] (Notice - virtual void ProtocolGame::parsePacket(NetworkMessage&)) PLAYER: Jappax sent unknown byte: 0x22f1d4

[26/07/2010 13:32:18] (Notice - virtual void ProtocolGame::parsePacket(NetworkMessage&)) PLAYER: Jappax sent unknown byte: 0x22f1d4

[26/07/2010 13:32:18] (Notice - virtual void ProtocolGame::parsePacket(NetworkMessage&)) PLAYER: Jappax sent unknown byte: 0x22f1d4

[26/07/2010 09:32:05] (Notice - virtual void ProtocolGame::parsePacket(NetworkMessage&)) PLAYER: Demon Bolado sent unknown byte: 0x22f1d4

[26/07/2010 10:22:15] (Notice - virtual void ProtocolGame::parsePacket(NetworkMessage&)) PLAYER: Zaitsev Owll sent unknown byte: 0x22f1d4

[31/12/2010 19:40:53] (Notice - virtual void ProtocolGame::parsePacket(NetworkMessage&)) PLAYER: Papanegas sent unknown byte: 0x22f1a4

[31/12/2010 19:40:53] (Notice - virtual void ProtocolGame::parsePacket(NetworkMessage&)) PLAYER: Papanegas sent unknown byte: 0x22f1a4

[02/01/2011 17:14:03] (Notice - virtual void ProtocolGame::parsePacket(NetworkMessage&)) PLAYER: Red tube sent unknown byte: 0x22f1a4

[03/01/2011 00:08:52] (Notice - virtual void ProtocolGame::parsePacket(NetworkMessage&)) PLAYER: Soft Killer sent unknown byte: 0x22f1a4

[03/01/2011 00:40:13] (Notice - virtual void ProtocolGame::parsePacket(NetworkMessage&)) PLAYER: Soft Killer sent unknown byte: 0x22f1a4

[03/01/2011 10:53:21] (Notice - virtual void ProtocolGame::parsePacket(NetworkMessage&)) PLAYER: Soft Killer sent unknown byte: 0x22f1a4

[16/1/2011 21:26:16] (Error - void ServicePort::open(IPAddressList, uint16_t)) NETWORK: O endereço solicitado não é válido no contexto
[16/1/2011 21:27:52] (Error - void ServicePort::open(IPAddressList, uint16_t)) NETWORK: O endereço solicitado não é válido no contexto
[16/1/2011 21:49:35] (Error - void ServicePort::open(IPAddressList, uint16_t)) NETWORK: O endereço solicitado não é válido no contexto
[16/1/2011 21:53:36] (Error - void ServicePort::open(IPAddressList, uint16_t)) NETWORK: O endereço solicitado não é válido no contexto
[17/1/2011 9:0:23] (Error - void ServicePort::open(IPAddressList, uint16_t)) NETWORK: O endereço solicitado não é válido no contexto
[17/1/2011 9:43:25] (Error - void ServicePort::open(IPAddressList, uint16_t)) NETWORK: O endereço solicitado não é válido no contexto
[17/1/2011 9:48:13] (Error - void ServicePort::open(IPAddressList, uint16_t)) NETWORK: O endereço solicitado não é válido no contexto
[17/1/2011 9:57:35] (Error - void ServicePort::open(IPAddressList, uint16_t)) NETWORK: O endereço solicitado não é válido no contexto
[17/1/2011 10:3:7] (Error - void ServicePort::open(IPAddressList, uint16_t)) NETWORK: O endereço solicitado não é válido no contexto
[17/1/2011 12:4:25] (Error - void ServicePort::open(IPAddressList, uint16_t)) NETWORK: O endereço solicitado não é válido no contexto
[17/1/2011 14:10:48] (Error - void ServicePort::open(IPAddressList, uint16_t)) NETWORK: O endereço solicitado não é válido no contexto
[17/1/2011 14:23:3] (Error - void ServicePort::open(IPAddressList, uint16_t)) NETWORK: O endereço solicitado não é válido no contexto
[17/1/2011 14:58:24] (Error - void ServicePort::open(IPAddressList, uint16_t)) NETWORK: O endereço solicitado não é válido no contexto
[17/1/2011 16:22:26] (Error - void ServicePort::open(IPAddressList, uint16_t)) NETWORK: O endereço solicitado não é válido no contexto
[17/1/2011 16:22:49] (Error - void ServicePort::open(IPAddressList, uint16_t)) NETWORK: O endereço solicitado não é válido no contexto
[17/1/2011 16:33:56] (Error - void ServicePort::open(IPAddressList, uint16_t)) NETWORK: O endereço solicitado não é válido no contexto
[17/1/2011 16:40:28] (Error - void ServicePort::open(IPAddressList, uint16_t)) NETWORK: O endereço solicitado não é válido no contexto
[17/1/2011 16:45:55] (Error - void ServicePort::open(IPAddressList, uint16_t)) NETWORK: O endereço solicitado não é válido no contexto
[17/1/2011 16:54:28] (Error - void ServicePort::open(IPAddressList, uint16_t)) NETWORK: O endereço solicitado não é válido no contexto
[17/1/2011 16:57:2] (Error - void ServicePort::open(IPAddressList, uint16_t)) NETWORK: O endereço solicitado não é válido no contexto
[17/1/2011 17:45:26] (Error - void ServicePort::open(IPAddressList, uint16_t)) NETWORK: O endereço solicitado não é válido no contexto
[18/1/2011 2:19:43] (Error - void ServicePort::open(IPAddressList, uint16_t)) NETWORK: O endereço solicitado não é válido no contexto
[18/1/2011 2:29:1] (Error - void ServicePort::open(IPAddressList, uint16_t)) NETWORK: O endereço solicitado não é válido no contexto
[18/1/2011 3:7:48] (Error - void ServicePort::open(IPAddressList, uint16_t)) NETWORK: O endereço solicitado não é válido no contexto
[18/1/2011 9:1:1] (Error - void ServicePort::open(IPAddressList, uint16_t)) NETWORK: O endereço solicitado não é válido no contexto
[18/1/2011 14:16:19] (Error - void ServicePort::open(IPAddressList, uint16_t)) NETWORK: O endereço solicitado não é válido no contexto
[18/1/2011 14:29:34] (Error - void ServicePort::open(IPAddressList, uint16_t)) NETWORK: O endereço solicitado não é válido no contexto
[18/1/2011 14:41:48] (Error - void ServicePort::open(IPAddressList, uint16_t)) NETWORK: O endereço solicitado não é válido no contexto
[19/1/2011 0:7:5] (Error - void ServicePort::open(IPAddressList, uint16_t)) NETWORK: O endereço solicitado não é válido no contexto
[19/1/2011 9:49:22] (Error - void ServicePort::open(IPAddressList, uint16_t)) NETWORK: O endereço solicitado não é válido no contexto
[19/1/2011 14:34:38] (Error - void ServicePort::open(IPAddressList, uint16_t)) NETWORK: O endereço solicitado não é válido no contexto
[19/1/2011 14:35:47] (Error - void ServicePort::open(IPAddressList, uint16_t)) NETWORK: O endereço solicitado não é válido no contexto
[19/1/2011 14:42:50] (Error - void ServicePort::open(IPAddressList, uint16_t)) NETWORK: O endereço solicitado não é válido no contexto
[19/1/2011 15:38:16] (Error - void ServicePort::open(IPAddressList, uint16_t)) NETWORK: O endereço solicitado não é válido no contexto
[19/1/2011 15:47:49] (Error - void ServicePort::open(IPAddressList, uint16_t)) NETWORK: O endereço solicitado não é válido no contexto
[19/1/2011 15:50:37] (Error - void ServicePort::open(IPAddressList, uint16_t)) NETWORK: O endereço solicitado não é válido no contexto
[19/1/2011 16:50:43] (Error - void ServicePort::open(IPAddressList, uint16_t)) NETWORK: O endereço solicitado não é válido no contexto
[21/1/2011 9:4:16] (Error - void ServicePort::open(IPAddressList, uint16_t)) NETWORK: O endereço solicitado não é válido no contexto
[21/1/2011 9:8:18] (Error - void ServicePort::open(IPAddressList, uint16_t)) NETWORK: O endereço solicitado não é válido no contexto
[21/1/2011 9:8:50] (Error - void ServicePort::open(IPAddressList, uint16_t)) NETWORK: O endereço solicitado não é válido no contexto
[21/1/2011 9:10:49] (Error - void ServicePort::open(IPAddressList, uint16_t)) NETWORK: O endereço solicitado não é válido no contexto
[21/1/2011 9:13:3] (Error - void ServicePort::open(IPAddressList, uint16_t)) NETWORK: O endereço solicitado não é válido no contexto
[21/1/2011 9:14:2] (Error - void ServicePort::open(IPAddressList, uint16_t)) NETWORK: O endereço solicitado não é válido no contexto
[21/1/2011 9:15:5] (Error - void ServicePort::open(IPAddressList, uint16_t)) NETWORK: O endereço solicitado não é válido no contexto
