[17/1/2011 17:27:29] /t
[17/1/2011 17:30:17] /goto El Cabecita
[17/1/2011 17:30:36] /t
[17/1/2011 17:39:58] /t
[17/1/2011 17:41:1] /goto god alex
[17/1/2011 17:41:8] /a 1
[17/1/2011 17:41:20] /r
[17/1/2011 17:41:25] /t
[17/1/2011 17:44:58] /b server vai cair so para uma atualizaçao 30 segundos volta e nao vai cair mais
[17/1/2011 17:45:2] /shutdown
[17/1/2011 17:46:16] /goto god alex
[17/1/2011 17:48:24] /a 10
[17/1/2011 17:52:3] /goto amigao
[17/1/2011 17:53:6] /t
[17/1/2011 17:57:47] /i 2160
[17/1/2011 17:57:49] /i 2160
[17/1/2011 17:58:12] /t
[17/1/2011 17:58:58] /goto snake eyes
[17/1/2011 17:58:59] /goto snake eyes
[17/1/2011 17:59:0] /goto snake eyes
[17/1/2011 17:59:1] /goto snake eyes
[17/1/2011 17:59:2] /goto snake eyes
[17/1/2011 17:59:2] /goto snake eyes
[17/1/2011 17:59:2] /goto snake eyes
[17/1/2011 17:59:3] /goto snake eyes
[17/1/2011 17:59:3] /goto snake eyes
[17/1/2011 17:59:4] /goto snake eyes
[17/1/2011 17:59:4] /goto snake eyes
[17/1/2011 17:59:5] /goto snake eyes
[17/1/2011 17:59:5] /goto snake eyes
[17/1/2011 17:59:6] /goto snake eyes
[17/1/2011 17:59:6] /goto snake eyes
[17/1/2011 17:59:7] /goto snake eyes
[17/1/2011 17:59:7] /goto snake eyes
[17/1/2011 17:59:8] /goto snake eyes
[17/1/2011 17:59:8] /goto snake eyes
[17/1/2011 17:59:9] /goto snake eyes
[17/1/2011 17:59:9] /goto snake eyes
[17/1/2011 17:59:9] /goto snake eyes
[17/1/2011 17:59:10] /goto snake eyes
[17/1/2011 17:59:10] /goto snake eyes
[17/1/2011 18:5:46] /goto god alex
[17/1/2011 18:29:53] /up
[18/1/2011 8:49:57] /t
[18/1/2011 8:50:5] /goto El Cabecita
[18/1/2011 8:51:6] /r
[18/1/2011 8:51:16] /t
[18/1/2011 8:51:40] /goto Lavio Andannus
[18/1/2011 8:51:52] /t
[18/1/2011 8:59:24] /t
[18/1/2011 8:59:41] /shutdown 1
[18/1/2011 9:6:36] /a 10
[18/1/2011 9:6:37] /a 10
[18/1/2011 9:6:37] /a 10
[18/1/2011 13:45:53] /goto El Cabecita
[18/1/2011 13:46:1] /a 2
[18/1/2011 13:46:5] /a 1
[18/1/2011 13:46:8] /r
[18/1/2011 13:46:15] /r
[18/1/2011 13:46:26] /a 1
[18/1/2011 13:46:27] /a 1
[18/1/2011 13:46:27] /a 1
[18/1/2011 13:46:28] /a 1
[18/1/2011 13:46:28] /a 1
[18/1/2011 13:46:31] /a 20
[18/1/2011 13:46:32] /t
[18/1/2011 13:50:45] /goto symon
[18/1/2011 13:50:53] /t
[18/1/2011 13:50:55] /goto neto
[18/1/2011 14:2:0] /goto hendo
[18/1/2011 14:2:9] /t
[18/1/2011 14:2:57] /t
[18/1/2011 14:3:22] /ghost
[18/1/2011 14:4:2] /t
[18/1/2011 14:6:0] /ghost
[18/1/2011 14:12:54] /ghost
[18/1/2011 14:12:59] /ghost
[18/1/2011 14:15:57] /shutdown
[18/1/2011 14:16:41] /a  20
[18/1/2011 14:16:42] /a  20
[18/1/2011 14:16:45] /up
[18/1/2011 14:19:6] /t
[18/1/2011 14:28:9] /clean
[18/1/2011 14:28:13] /shutdown 1
[18/1/2011 14:29:11] /b 30 segundos volta
[18/1/2011 14:29:56] /a n20
[18/1/2011 14:29:59] /a 20
[18/1/2011 14:30:0] /a 20
[18/1/2011 14:30:4] /a  2
[18/1/2011 14:30:6] /a  2
[18/1/2011 14:30:7] /a  2
[18/1/2011 14:30:9] /up
[18/1/2011 14:33:30] /t
[18/1/2011 14:33:33] /clean
[18/1/2011 14:41:10] /goto el cabecita
[18/1/2011 14:41:15] /shutdown 1
[18/1/2011 14:41:25] /shutdown
[18/1/2011 14:42:3] /t
[18/1/2011 14:42:5] /a 10
[18/1/2011 14:42:6] /a 10
[18/1/2011 14:42:6] /a 10
[18/1/2011 14:42:8] /up
[18/1/2011 14:44:13] /t
[19/1/2011 9:23:38] /goto Intel Core2Quad  3GB DE RAM  100GB HD  100 Mbps Uplink  Datacenter: EUA
[19/1/2011 9:23:47] /goto Mhun Knight 
[19/1/2011 9:45:43] /i 8925
[19/1/2011 9:47:27] /reload vocation
[19/1/2011 9:49:41] /a 2
[19/1/2011 9:49:42] /a 2
[19/1/2011 9:49:52] /i solar axe
[19/1/2011 9:49:54] /goto waasky
[19/1/2011 9:49:55] /goto waasky
[19/1/2011 9:50:5] /goto waasky
[19/1/2011 9:50:16] /t
[19/1/2011 10:4:46] /save
[19/1/2011 10:4:49] /reload creaturescripts
[19/1/2011 10:37:3] /a 5
[19/1/2011 10:37:4] /a 5
[19/1/2011 10:37:4] /a 5
[19/1/2011 10:37:18] /a 5
[19/1/2011 10:37:20] /a 5
[19/1/2011 10:37:25] /t
[19/1/2011 14:12:20] /goto waasky
[19/1/2011 14:15:22] /up
[19/1/2011 14:15:40] /t
[19/1/2011 14:17:17] /goto god alex
[19/1/2011 14:25:59] /goto gof alex
[19/1/2011 14:26:2] /goto god alex
[19/1/2011 14:28:15] /c god alex
[19/1/2011 14:28:48] /i 2160
[19/1/2011 14:29:3] /i Zaoan Sword 
[19/1/2011 14:30:46] /i Baiak Sword 
[19/1/2011 14:32:31] /c god alex
[19/1/2011 14:33:26] /shutdown
[19/1/2011 14:34:57] /t
[19/1/2011 14:36:1] /t
[19/1/2011 14:38:20] /ghost
[19/1/2011 14:41:25] /b Vamos modificar o mapa 2 minutos ja volta
[19/1/2011 14:41:37] /shutdown 1
[19/1/2011 14:42:25] /shutdown
[19/1/2011 14:45:10] /ghost
[19/1/2011 14:45:15] /goto god alex
[19/1/2011 14:48:42] /goto chaitosoft
[19/1/2011 14:53:29] /goto god alex
[19/1/2011 14:54:14] /r
[19/1/2011 14:55:22] /goto god alex
[19/1/2011 14:56:34] /t
[19/1/2011 15:35:45] /b Servidor vai cair em dentro de 1 minutos ele volta, so para fazer alguns ajustes..
[19/1/2011 15:35:47] /shutdown 1
[19/1/2011 15:40:38] /reload globalevents
[19/1/2011 15:40:52] /goto god alex
[19/1/2011 15:42:20] /goto chaitosoft
[19/1/2011 15:44:39] /reload vocations
[19/1/2011 15:48:11] /closeserver
[19/1/2011 15:50:58] /closeserver
[19/1/2011 15:51:10] /ghost
[19/1/2011 15:52:0] /i 7371
[19/1/2011 15:58:23] /reload talkactions
[19/1/2011 16:0:9] /reload talkactions
[19/1/2011 16:3:38] /reload globaleventes
[19/1/2011 16:4:30] /reload globalevents
[19/1/2011 16:6:23] /reload globalevents
[19/1/2011 16:7:58] /reload creaturescripts
