[21/1/2011 9:19:24] /reload globalevents
[21/1/2011 9:19:48] /reload globalevents
[21/1/2011 9:20:13] /reload globalevents
[21/1/2011 9:20:34] /reload globalevents
[21/1/2011 9:20:56] /reload globalevents
[21/1/2011 9:21:41] /reload globalevents
[21/1/2011 9:22:2] /reload globalevents
[21/1/2011 9:22:24] /reload globalevents
[21/1/2011 9:22:58] /reload globalevents
[21/1/2011 9:23:17] /reload globalevents
[21/1/2011 9:23:50] /reload globalevents
[21/1/2011 9:24:6] /reload globalevents
[21/1/2011 9:26:46] /reload movements
[18/2/2011 18:50:42] /i 2160
[18/2/2011 18:51:43] /t
[18/2/2011 19:3:55] /reload spells
[18/2/2011 19:5:36] /reload globalevenets
[18/2/2011 19:5:38] /reload globalevents
[18/2/2011 19:6:10] /reload globalevents
[18/2/2011 19:6:17] /reload globalevents
[18/2/2011 19:6:25] /reload globalevents
[18/2/2011 19:6:34] /reload globalevents
[19/2/2011 0:12:16] /m training monk
[19/2/2011 0:12:31] /m training monk
[27/3/2011 13:51:32] /reload globalevents
[27/3/2011 13:53:19] /reload globalevents
[27/3/2011 13:53:42] /reload globalevents
[27/3/2011 13:54:8] /reload globalevents
[27/3/2011 13:54:44] /reload globalevents
