[17/1/2011 17:40:53] /a 3
[17/1/2011 17:41:4] /a 3
[17/1/2011 17:41:20] /a 3
[17/1/2011 17:41:27] /t
[17/1/2011 17:41:36] /a 2
[17/1/2011 17:53:0] /i vip 7 dias
[17/1/2011 17:54:39] /c El Cabecita
[17/1/2011 17:55:9] /goto Snake Eyes
[17/1/2011 17:55:47] /i 2160
[17/1/2011 18:0:12] /a 6
[17/1/2011 18:0:36] /newtype 266
[17/1/2011 18:1:7] /i wand of voodo
[17/1/2011 18:1:26] /i wand of voodoo
[17/1/2011 18:1:58] /goto ponto trinta
[17/1/2011 18:3:35] /ghost
[17/1/2011 18:3:38] /goto adm fiel
[17/1/2011 18:4:26] /c adm fiel
[17/1/2011 18:4:43] /c adm fiel
[17/1/2011 18:5:32] /c adm fiel
[17/1/2011 18:5:44] /c adm fiel
[17/1/2011 18:6:46] /ghost
[17/1/2011 18:6:47] /ghost
[17/1/2011 18:6:50] /goto ponto trinta
[17/1/2011 18:6:53] /a 5
[17/1/2011 23:10:58] /goto symon
[17/1/2011 23:11:50] /t
[17/1/2011 23:15:27] /c Symon
[18/1/2011 0:36:20] /b iai galera
[18/1/2011 0:38:42] /goto Leo Skydriver
[18/1/2011 2:18:9] /shutdown 1
[18/1/2011 2:18:38] /ghost
[18/1/2011 2:18:40] /ghost
[18/1/2011 2:18:44] /goto symon
[18/1/2011 2:18:51] /t
[18/1/2011 2:19:7] /b reninciar e volta em 20 sec.
[18/1/2011 2:20:24] /goto el cabecita
[18/1/2011 2:27:37] /shutdown 1
[18/1/2011 2:41:58] /ghost
[18/1/2011 2:42:29] /b estiloso vem dp testa o pz locked
[18/1/2011 2:43:5] /b estiloso vem dp testa o pz locked
[18/1/2011 2:43:53] /goto lavio andanus
[18/1/2011 2:43:56] /goto lavio andannus
[18/1/2011 2:43:59] /goto lavio andaai
[18/1/2011 2:44:28] /t
[18/1/2011 2:44:33] /c lavio andannus
[18/1/2011 2:47:59] /newtype 266
[18/1/2011 3:6:23] /shutdown 1
[18/1/2011 3:6:32] /b vo renincia e vai volta com as correcoes
[18/1/2011 3:8:11] /b vem testa o pz
[18/1/2011 3:13:46] /goto lavio andannus
[18/1/2011 3:14:24] /goto lavio andannus
[18/1/2011 3:14:26] /goto lavio andannus
[18/1/2011 3:14:45] /t
[18/1/2011 3:14:52] /c lavio andannus
[18/1/2011 3:20:39] /m dragon
[18/1/2011 3:21:52] /goto ponto trinta
[18/1/2011 3:21:59] /i knight axe
[18/1/2011 3:23:23] /i solar axe
[18/1/2011 3:23:27] /goto dark terror
[18/1/2011 3:23:42] /i magic plate armor
[18/1/2011 3:23:48] /i golden legs
[18/1/2011 3:24:10] /i demon helmet
[18/1/2011 3:24:30] /i fire boots
[18/1/2011 3:24:40] /i master mind shiled
[18/1/2011 3:24:46] /i master mind shield
[18/1/2011 3:25:22] /i blessed shield
[18/1/2011 3:26:8] /i coconut shoes
[18/1/2011 3:26:17] /i dragon scali legs
[18/1/2011 3:26:32] /i dragon scale legs
[18/1/2011 3:26:52] /i golden boots
[18/1/2011 3:27:1] /clean
[18/1/2011 3:27:21] /i draken boots
[18/1/2011 3:27:26] /i draken boots
[18/1/2011 3:27:36] /i firewalker boots
[18/1/2011 3:27:57] /i ring of the sky
[18/1/2011 3:28:13] /i boots of haste
[18/1/2011 3:28:31] /i soft boots
[18/1/2011 3:28:45] /i sooft boots
[18/1/2011 3:28:50] /i soft boot
[18/1/2011 3:28:54] /i soft boos
[18/1/2011 3:28:57] /i soft boots
[18/1/2011 3:29:0] /t
[18/1/2011 3:29:45] /i 8095
[18/1/2011 3:29:51] /i 8095
[18/1/2011 3:29:56] /i 8096
[18/1/2011 3:30:3] /i 8097
[18/1/2011 3:30:6] /i 8098
[18/1/2011 3:30:9] /i 8099
[18/1/2011 3:30:21] /clean
[18/1/2011 3:30:35] /i 8097
[18/1/2011 3:30:45] /i 2160
[18/1/2011 3:30:51] /i 2160
[18/1/2011 3:30:52] /i 2160
[18/1/2011 3:30:55] /i 8097
[18/1/2011 3:31:3] /i 9000
[18/1/2011 3:32:14] /goto dark terror
[18/1/2011 3:32:23] /i strong health potion
[18/1/2011 3:32:55] /t
[18/1/2011 3:33:2] /c dark terror
[18/1/2011 3:33:8] /a 2
[18/1/2011 3:33:11] /c dark terror
[18/1/2011 3:33:27] /a 2
[18/1/2011 3:33:31] /c dark terror
[18/1/2011 3:33:36] /a 2
[18/1/2011 3:33:39] /a 2
[18/1/2011 3:33:41] /c dark terror
[18/1/2011 3:33:52] /t
[18/1/2011 3:33:53] /c dark terror
[18/1/2011 3:34:15] /goto dark terror
[18/1/2011 3:34:35] /goto dark terror
[18/1/2011 3:42:2] /i Stonecutter Axe
[18/1/2011 3:42:41] /i royal axe
[18/1/2011 3:52:24] /newtype 300
[18/1/2011 3:52:30] /newtype 301
[18/1/2011 3:52:32] /newtype 302
[18/1/2011 3:52:35] /newtype 303
[18/1/2011 3:52:38] /newtype 304
[18/1/2011 3:52:45] /ghost
[18/1/2011 3:52:46] /ghost
[18/1/2011 3:52:52] /goto dark terror
[18/1/2011 3:53:7] /newtype 305
[18/1/2011 3:53:10] /newtype 306
[18/1/2011 3:53:17] /newtype 307
[18/1/2011 3:53:23] /newtype 308
[18/1/2011 3:53:26] /newtype 309
[18/1/2011 3:53:30] /newtype 310
[18/1/2011 3:53:40] /newtype 311
[18/1/2011 3:53:43] /newtype 312
[18/1/2011 3:53:47] /newtype 313
[18/1/2011 3:53:52] /newtype 314
[18/1/2011 3:53:55] /newtype 315
[18/1/2011 3:53:57] /newtype 316
[18/1/2011 3:53:59] /newtype 317
[18/1/2011 3:54:1] /newtype 318
[18/1/2011 3:54:3] /newtype 319
[18/1/2011 3:54:9] /newtype 400
[18/1/2011 3:54:17] /newtype 200
[18/1/2011 3:54:20] /newtype 201
[18/1/2011 3:54:22] /newtype 202
[18/1/2011 3:54:24] /newtype 203
[18/1/2011 3:54:28] /newtype 50
[18/1/2011 3:54:37] /newtype 266
[18/1/2011 3:54:42] /t
[18/1/2011 3:57:10] /goto dark terror
[18/1/2011 3:58:26] /t
[18/1/2011 3:58:48] /c dark terror
[18/1/2011 4:2:49] /i 2993
[18/1/2011 4:3:1] /i addon doll
[18/1/2011 4:3:27] /ghost
[18/1/2011 4:5:11] /i addon doll
[18/1/2011 4:5:14] /i addon doll 6
[18/1/2011 4:5:17] /i addon doll
[18/1/2011 4:5:19] /i addon doll
[18/1/2011 4:5:19] /i addon doll
[18/1/2011 4:5:20] /i addon doll
[18/1/2011 4:5:21] /i addon doll
[18/1/2011 4:5:21] /i addon doll
[18/1/2011 4:5:22] /i addon doll
[18/1/2011 4:7:29] /i spell book
[18/1/2011 4:7:32] /i spell book
[18/1/2011 4:9:48] /t
[18/1/2011 4:10:4] /a 2
[18/1/2011 4:10:12] /a 2
[18/1/2011 4:10:14] /a 2
[18/1/2011 4:10:46] /t
[18/1/2011 4:11:21] /ghost
[18/1/2011 4:13:27] /a 3
[18/1/2011 4:22:40] /clean
[18/1/2011 4:23:4] /i mana potion
[18/1/2011 4:23:17] /i mana rune
[18/1/2011 4:23:34] /ghost
[18/1/2011 4:23:59] /goto dark terror
[18/1/2011 4:24:5] /ghost
[18/1/2011 4:24:8] /goto dark terror
[18/1/2011 4:24:13] /ghost
[18/1/2011 4:24:30] /clean
[18/1/2011 4:24:38] /goto ponto trinta
[18/1/2011 4:24:41] /a 3
[18/1/2011 4:28:59] /i royal axe
[18/1/2011 4:29:8] /goto Inkredibbli Ashi
[18/1/2011 4:29:15] /goto Inkredibbli Ashi
[18/1/2011 4:29:20] /goto Inkredibbli Ashi
[18/1/2011 4:29:28] /goto dark terror
[18/1/2011 4:29:31] /t
[18/1/2011 4:30:33] /cliport
[18/1/2011 4:31:1] /cliport
[18/1/2011 4:31:11] /mc
[18/1/2011 4:31:27] /squelch
[18/1/2011 4:31:32] /squelch
[18/1/2011 18:55:45] /ghost
[18/1/2011 18:55:57] /newtype 266
[18/1/2011 18:57:57] /ghost
[18/1/2011 19:1:2] /b Agredeço a preferencia, volto mais tarde!
[18/1/2011 19:1:22] /b Tragam teus amigos e ganhem recompenças!
[18/1/2011 19:1:57] /b Tragam teus amigos e ganhem recompenças!
[18/1/2011 19:1:58] /b Tragam teus amigos e ganhem recompenças!
[18/1/2011 19:1:59] /b Tragam teus amigos e ganhem recompenças!
[18/1/2011 23:27:45] /reload creaturescripts
[18/1/2011 23:34:55] /i vip 7 dias
[18/1/2011 23:37:59] /b fala ae galera
[18/1/2011 23:39:5] /reload creaturescripts
[18/1/2011 23:40:57] /reload creaturescripts
[18/1/2011 23:44:29] /ghost
[18/1/2011 23:45:59] /a 2
[18/1/2011 23:46:6] /t
[18/1/2011 23:46:13] /goto manolo
[18/1/2011 23:47:0] /c manolo
[18/1/2011 23:47:25] /i vip 7 dias
[18/1/2011 23:48:11] /reload talkactions
[18/1/2011 23:49:53] /c manolo
[18/1/2011 23:53:1] /a 2
[18/1/2011 23:53:5] /c manolo
[18/1/2011 23:53:9] /c manolo
[18/1/2011 23:53:38] /goto manolo
[18/1/2011 23:57:5] /goto ponto trinta
[18/1/2011 23:57:8] /a 2
[18/1/2011 23:57:11] /c manolo
[18/1/2011 23:57:17] /c manolo
[18/1/2011 23:57:19] /c manolo
[18/1/2011 23:57:20] /c manolo
[18/1/2011 23:57:25] /c manolo
[18/1/2011 23:57:27] /c manolo
[18/1/2011 23:57:28] /c manolo
[18/1/2011 23:57:29] /c manolo
[18/1/2011 23:57:30] /c manolo
[18/1/2011 23:57:31] /c manolo
[18/1/2011 23:57:38] /c manolo
[19/1/2011 0:1:41] /goto manolo
[19/1/2011 0:2:44] /t
[19/1/2011 0:2:54] /reload creaturescripts
[19/1/2011 0:3:22] /kick manolo
[19/1/2011 0:4:46] /reload vocation
[19/1/2011 0:12:38] /newtype 266
[19/1/2011 0:31:18] /goto manolo
[19/1/2011 0:33:10] /c manolo
[19/1/2011 0:33:42] /i 7 dias vip
[19/1/2011 0:33:53] /i 7 dias vip
[19/1/2011 0:35:11] /i 7 dias vips
[19/1/2011 0:35:28] /i vip 7 dias
[19/1/2011 0:35:31] /c manolo
[19/1/2011 1:0:28] /i addon doll
[19/1/2011 1:2:55] /ghost
[19/1/2011 1:5:52] /b boa noite galera
[19/1/2011 1:6:8] /b lembra q kda 3 amigos q trazerem pro server vc ganha 1 dia de super vip!
[19/1/2011 1:6:9] /b lembra q kda 3 amigos q trazerem pro server vc ganha 1 dia de super vip!
[19/1/2011 1:6:10] /b lembra q kda 3 amigos q trazerem pro server vc ganha 1 dia de super vip!
[19/1/2011 1:6:10] /b lembra q kda 3 amigos q trazerem pro server vc ganha 1 dia de super vip!
[19/1/2011 1:6:11] /b lembra q kda 3 amigos q trazerem pro server vc ganha 1 dia de super vip!
[19/1/2011 12:18:44] /ghost
[19/1/2011 12:18:46] /ghost
[19/1/2011 14:11:3] /unban Malk
[19/1/2011 14:15:27] /ghost
[19/1/2011 14:15:36] /a 3
[19/1/2011 14:15:44] /owner nobody
[19/1/2011 14:15:47] /a 5
[19/1/2011 14:15:50] /owner nobody
[19/1/2011 14:16:1] /a 3
[19/1/2011 14:16:6] /owner nobody
[19/1/2011 14:16:9] /a 3
[19/1/2011 14:16:19] /a 2
[19/1/2011 14:16:21] /owner nobody
[19/1/2011 14:16:24] /a 3
[19/1/2011 14:16:34] /a 2
[19/1/2011 14:16:36] /owner nobody
[19/1/2011 14:16:49] /a 10
[19/1/2011 14:16:52] /a 10
[19/1/2011 14:17:42] /ghost
[19/1/2011 14:17:44] /goto Winky Returnsz
[19/1/2011 14:17:50] /a 10
[19/1/2011 14:17:53] /a 5
[19/1/2011 14:19:15] /t
[19/1/2011 14:23:59] /goto Winky Returnsz
[19/1/2011 14:25:42] /a 2
[19/1/2011 14:25:43] /a 2
[19/1/2011 14:27:46] /b ae galera  fizemos umas modificações na cidade principal..e tivemos q tirar algumas casas dos donos..mas estaram a disposição pra comprar logo..espero que gostem do novo visual
[19/1/2011 14:32:9] /shutdown 3
[19/1/2011 14:36:19] /ghost
[19/1/2011 14:40:23] /a 2
[19/1/2011 14:44:14] /a 3
[19/1/2011 14:44:17] /a 3
[19/1/2011 14:45:26] /ghost
[19/1/2011 14:46:32] /c adm fiel
[19/1/2011 14:47:37] /b eae galera, o que acharam?
[19/1/2011 14:48:29] /ghost
[19/1/2011 14:50:28] /c chaitosoft
[19/1/2011 14:54:27] /c chaitosoft
[19/1/2011 14:54:59] /c chaitosoft
[19/1/2011 14:59:12] /goto Lavio Andannus
[19/1/2011 14:59:32] /a 2
[19/1/2011 15:0:2] /a 10
[19/1/2011 15:0:5] /down
[19/1/2011 15:0:8] /up
[19/1/2011 15:0:12] /a 10
[19/1/2011 15:0:13] /a 10
[19/1/2011 15:0:15] /a 10
[19/1/2011 15:0:17] /a 10
[19/1/2011 15:0:18] /a 10
[19/1/2011 15:0:19] /a 10
[19/1/2011 15:0:21] /t
[19/1/2011 15:4:34] /t
[19/1/2011 15:9:31] /i dust cap
[19/1/2011 15:20:12] /ghost
[19/1/2011 15:28:36] /a 10
[19/1/2011 15:28:37] /a 10
[19/1/2011 15:28:38] /a 10
[19/1/2011 15:28:39] /a 10
[19/1/2011 15:28:40] /a 10
[19/1/2011 15:28:41] /a 10
[19/1/2011 15:28:42] /a 10
[19/1/2011 15:28:43] /a 10
[19/1/2011 15:28:44] /a 10
[19/1/2011 15:28:46] /a 10
[19/1/2011 15:28:47] /a 10
[19/1/2011 15:28:48] /a 10
[19/1/2011 15:28:49] /a 10
[19/1/2011 15:28:50] /a 10
[19/1/2011 15:30:11] /i  dust cape
[19/1/2011 15:30:16] /i  dust shorts
[19/1/2011 15:30:21] /i  dust short
[19/1/2011 15:30:27] /i dust shorts
[19/1/2011 15:30:36] /i dust shiled
[19/1/2011 15:30:41] /i dust shield
[19/1/2011 15:30:45] /i dust axe
[19/1/2011 15:30:51] /i dust boots
[19/1/2011 15:33:5] /i 10999
[19/1/2011 15:33:7] /r
[19/1/2011 15:33:26] /a 2
[19/1/2011 15:36:17] /b estamos arrumando umas coisinhas superficiais para melhorara do servidos, ja voltamos
[19/1/2011 15:38:34] /ghost
[19/1/2011 15:39:50] /goto ponto trinta
[19/1/2011 15:39:59] /c chaitosoft
[19/1/2011 15:40:4] /i vip 7 dias
[19/1/2011 15:41:32] /c chaitosoft
[19/1/2011 15:42:45] /t
[19/1/2011 15:56:22] /ghost
[19/1/2011 16:3:38] /c adm fiel
[19/1/2011 16:14:53] /goto Chaitosoft
[19/1/2011 16:15:53] /reload npc
[19/1/2011 16:16:28] /n promotion vip
[19/1/2011 16:17:16] /r
[19/1/2011 16:19:5] /t
[19/1/2011 16:19:11] /c chaitosoft
[19/1/2011 16:20:1] /b Updade Seller
[19/1/2011 16:20:19] /m seller
[19/1/2011 16:20:22] /n Updade Seller
[19/1/2011 16:25:57] /goto chaitosoft
[19/1/2011 16:26:4] /i ultimate soft
[19/1/2011 16:26:29] /a 2
[19/1/2011 16:26:33] /i ultimate healing
[19/1/2011 16:27:3] /a 4
[19/1/2011 16:34:12] /openserver
[19/1/2011 16:38:52] /t
[19/1/2011 16:39:59] /reload actions
[19/1/2011 16:48:50] /save
[19/1/2011 16:49:0] /save
[19/1/2011 16:49:58] /save
[19/1/2011 16:50:7] /closeserver
[19/1/2011 16:53:23] /ghost
[19/1/2011 16:54:33] /b A kda 3 amigos que trazerem por server, ganhe 1 dia de Super Vip!
[19/1/2011 16:54:34] /b A kda 3 amigos que trazerem por server, ganhe 1 dia de Super Vip!
[19/1/2011 16:54:35] /b A kda 3 amigos que trazerem por server, ganhe 1 dia de Super Vip!
[19/1/2011 16:54:35] /b A kda 3 amigos que trazerem por server, ganhe 1 dia de Super Vip!
[19/1/2011 16:54:36] /b A kda 3 amigos que trazerem por server, ganhe 1 dia de Super Vip!
[19/1/2011 22:55:54] /goto lavio andannus
[19/1/2011 22:58:34] /r
[19/1/2011 22:58:55] /r
[19/1/2011 22:59:12] /r
[19/1/2011 23:6:3] /t
[19/1/2011 23:15:30] /goto ponto trinta
[19/1/2011 23:15:35] /a 4
[19/1/2011 23:31:14] /goto lavio andannus
[19/1/2011 23:31:55] /goto lavio andannus
[19/1/2011 23:32:8] /t
[20/1/2011 1:9:43] /i mana potion
[20/1/2011 1:10:23] /goto lavio andannus
[20/1/2011 1:10:51] /ghost
[20/1/2011 1:16:6] /ghost
[20/1/2011 1:16:16] /save
[20/1/2011 1:16:25] /shutdown
